Using pre-set license
Built from '6000.0/staging' branch; Version is '6000.0.33f1 (433b0a79340b) revision 4406026'; Using compiler version '193933523'; Build Type 'Release'
OS: 'Windows 11  (10.0.26100) 64bit Professional' Language: 'es' Physical Memory: 16179 MB
BatchMode: 1, IsHumanControllingUs: 0, StartBugReporterOnCrash: 0, Is64bit: 1, IsPro: 1

COMMAND LINE ARGUMENTS:
C:\Program Files\Unity\Hub\Editor\6000.0.33f1\Editor\Unity.exe
-adb2
-batchMode
-noUpm
-name
AssetImportWorker4
-projectPath
C:/Users/LIS/Documents/FDM
-logFile
Logs/AssetImportWorker4.log
-srvPort
51071
-job-worker-count
3
-background-job-worker-count
8
-gc-helper-count
1
Successfully changed project path to: C:/Users/LIS/Documents/FDM
C:/Users/LIS/Documents/FDM
[UnityMemory] Configuration Parameters - Can be set up in boot.config
    "memorysetup-bucket-allocator-granularity=16"
    "memorysetup-bucket-allocator-bucket-count=8"
    "memorysetup-bucket-allocator-block-size=33554432"
    "memorysetup-bucket-allocator-block-count=8"
    "memorysetup-main-allocator-block-size=16777216"
    "memorysetup-thread-allocator-block-size=16777216"
    "memorysetup-gfx-main-allocator-block-size=16777216"
    "memorysetup-gfx-thread-allocator-block-size=16777216"
    "memorysetup-cache-allocator-block-size=4194304"
    "memorysetup-typetree-allocator-block-size=2097152"
    "memorysetup-profiler-bucket-allocator-granularity=16"
    "memorysetup-profiler-bucket-allocator-bucket-count=8"
    "memorysetup-profiler-bucket-allocator-block-size=33554432"
    "memorysetup-profiler-bucket-allocator-block-count=8"
    "memorysetup-profiler-allocator-block-size=16777216"
    "memorysetup-profiler-editor-allocator-block-size=1048576"
    "memorysetup-temp-allocator-size-main=16777216"
    "memorysetup-job-temp-allocator-block-size=2097152"
    "memorysetup-job-temp-allocator-block-size-background=1048576"
    "memorysetup-job-temp-allocator-reduction-small-platforms=262144"
    "memorysetup-allocator-temp-initial-block-size-main=262144"
    "memorysetup-allocator-temp-initial-block-size-worker=262144"
    "memorysetup-temp-allocator-size-background-worker=32768"
    "memorysetup-temp-allocator-size-job-worker=262144"
    "memorysetup-temp-allocator-size-preload-manager=33554432"
    "memorysetup-temp-allocator-size-nav-mesh-worker=65536"
    "memorysetup-temp-allocator-size-audio-worker=65536"
    "memorysetup-temp-allocator-size-cloud-worker=32768"
    "memorysetup-temp-allocator-size-gi-baking-worker=262144"
    "memorysetup-temp-allocator-size-gi-baking-worker=262144"
    "memorysetup-temp-allocator-size-gi-baking-worker=262144"
    "memorysetup-temp-allocator-size-gi-baking-worker=262144"
    "memorysetup-temp-allocator-size-gi-baking-worker=262144"
    "memorysetup-temp-allocator-size-gfx=262144"
Player connection [8804]  Target information:

Player connection [8804]  * "[IP] 192.168.0.115 [Port] 0 [Flags] 2 [Guid] 2320482314 [EditorId] 2320482314 [Version] 1048832 [Id] WindowsEditor(7,DESKTOP-CS71Q2P) [Debug] 1 [PackageName] WindowsEditor [ProjectName] Editor" 

Player connection [8804] Host joined multi-casting on [225.0.0.222:54997]...
Player connection [8804] Host joined alternative multi-casting on [225.0.0.222:34997]...
JobSystem: Creating JobQueue using job-worker-count value 3
[Physics::Module] Initialized fallback backend.
[Physics::Module] Id: 0xdecafbad
Library Redirect Path: Library/
[Physics::Module] Selected backend.
[Physics::Module] Name: PhysX
[Physics::Module] Id: 0xf2b8ea05
[Physics::Module] SDK Version: 4.1.2
[Physics::Module] Integration Version: 1.0.0
[Physics::Module] Threading Mode: Multi-Threaded
Refreshing native plugins compatible for Editor in 22.92 ms, found 11 plugins.
Preloading 0 native plugins for Editor in 0.00 ms.
Initialize engine version: 6000.0.33f1 (433b0a79340b)
[Subsystems] Discovering subsystems at path C:/Program Files/Unity/Hub/Editor/6000.0.33f1/Editor/Data/Resources/UnitySubsystems
[Subsystems] Discovering subsystems at path C:/Users/LIS/Documents/FDM/Assets
GfxDevice: creating device client; kGfxThreadingModeNonThreaded
Direct3D:
    Version:  Direct3D 11.0 [level 11.1]
    Renderer: NVIDIA GeForce RTX 3060 Laptop GPU (ID=0x2520)
    Vendor:   NVIDIA
    VRAM:     6023 MB
    Driver:   27.21.14.6172
Shader 'Oculus/OVRMRCameraFrameLit': fallback shader 'Alpha-Diffuse' not found
Initialize mono
Mono path[0] = 'C:/Program Files/Unity/Hub/Editor/6000.0.33f1/Editor/Data/Managed'
Mono path[1] = 'C:/Program Files/Unity/Hub/Editor/6000.0.33f1/Editor/Data/MonoBleedingEdge/lib/mono/unityjit-win32'
Mono config path = 'C:/Program Files/Unity/Hub/Editor/6000.0.33f1/Editor/Data/MonoBleedingEdge/etc'
Using monoOptions --debugger-agent=transport=dt_socket,embedding=1,server=y,suspend=n,address=127.0.0.1:56572
Begin MonoManager ReloadAssembly
Registering precompiled unity dll's ...
Register platform support module: C:/Program Files/Unity/Hub/Editor/6000.0.33f1/Editor/Data/PlaybackEngines/WindowsStandaloneSupport/UnityEditor.WindowsStandalone.Extensions.dll
Registered in 0.004300 seconds.
- Loaded All Assemblies, in  0.715 seconds
Native extension for WindowsStandalone target not found
Mono: successfully reloaded assembly
- Finished resetting the current domain, in  0.435 seconds
Domain Reload Profiling: 1147ms
	BeginReloadAssembly (351ms)
		ExecutionOrderSort (0ms)
		DisableScriptedObjects (0ms)
		BackupInstance (0ms)
		ReleaseScriptingObjects (0ms)
		CreateAndSetChildDomain (1ms)
	RebuildCommonClasses (43ms)
	RebuildNativeTypeToScriptingClass (16ms)
	initialDomainReloadingComplete (80ms)
	LoadAllAssembliesAndSetupDomain (221ms)
		LoadAssemblies (345ms)
		RebuildTransferFunctionScriptingTraits (0ms)
		AnalyzeDomain (217ms)
			TypeCache.Refresh (215ms)
				TypeCache.ScanAssembly (198ms)
			BuildScriptInfoCaches (0ms)
			ResolveRequiredComponents (1ms)
	FinalizeReload (436ms)
		ReleaseScriptCaches (0ms)
		RebuildScriptCaches (0ms)
		SetupLoadedEditorAssemblies (373ms)
			LogAssemblyErrors (0ms)
			InitializePlatformSupportModulesInManaged (38ms)
			SetLoadedEditorAssemblies (6ms)
			BeforeProcessingInitializeOnLoad (69ms)
			ProcessInitializeOnLoadAttributes (195ms)
			ProcessInitializeOnLoadMethodAttributes (65ms)
			AfterProcessingInitializeOnLoad (0ms)
			EditorAssembliesLoaded (0ms)
		ExecutionOrderSort2 (0ms)
		AwakeInstancesAfterBackupRestoration (0ms)
========================================================================
Worker process is ready to serve import requests
Import Worker Mode flag is 0x00
Begin MonoManager ReloadAssembly
- Loaded All Assemblies, in  0.957 seconds
Script 'CharacterController' has the same name as built-in Unity component.
AddComponent and GetComponent will not work with this script.
'Packages/com.meta.xr.sdk.core/Editor/BuildingBlocks/BlocksWindow.cs' contains partial class of Unity.Object, exactly 1 of the partial classes needs to be in a file with the same filename. This is to know the one that can be referenced from ie. GameObjects
'Packages/com.meta.xr.sdk.core/Editor/BuildingBlocks/BlocksWindowDetailsExtension.cs' contains partial class of Unity.Object, exactly 1 of the partial classes needs to be in a file with the same filename. This is to know the one that can be referenced from ie. GameObjects
'Packages/com.meta.xr.sdk.core/Editor/BuildingBlocks/BlocksWindowCollectionsPageExtension.cs' contains partial class of Unity.Object, exactly 1 of the partial classes needs to be in a file with the same filename. This is to know the one that can be referenced from ie. GameObjects
Refreshing native plugins compatible for Editor in 8.55 ms, found 11 plugins.
Native extension for WindowsStandalone target not found
Package Manager log level set to [2]
[Package Manager] Failed to launch server process. Reason: Unity was launched with the -noUpm command-line argument
[Package Manager] Unable to send message (not connected to server process).
[Package Manager] Cannot connect to Unity Package Manager local server
[Package Manager] Failed to launch server process. Reason: Unity was launched with the -noUpm command-line argument
[Package Manager] Unable to send message (not connected to server process).
[Package Manager] Cannot connect to Unity Package Manager local server
Refreshing native plugins compatible for Editor in 11.90 ms, found 11 plugins.
Build target directory for AndroidPlayer does not exist!
UnityEngine.Debug:ExtractStackTraceNoAlloc (byte*,int,string)
UnityEngine.StackTraceUtility:ExtractStackTrace ()
UnityEditor.BuildPipeline:GetPlaybackEngineDirectory (UnityEditor.BuildTargetGroup,UnityEditor.BuildTarget,UnityEditor.BuildOptions,bool)
UnityEditor.BuildPipeline:GetPlaybackEngineDirectory (UnityEditor.BuildTarget,UnityEditor.BuildOptions,bool)
UnityEditor.BuildPipeline:GetPlaybackEngineDirectory (UnityEditor.BuildTarget,UnityEditor.BuildOptions)
OVRConfig:GetAndroidSDKPathLocation (bool) (at ./Library/PackageCache/com.meta.xr.sdk.core/Editor/OVRConfig.cs:82)
UnityADBToolSingleton:.cctor () (at ./Library/PackageCache/com.meta.xr.sdk.core/Editor/UnityADBToolSingleton.cs:27)
OVRProjectSetupDeviceTasks:.cctor () (at ./Library/PackageCache/com.meta.xr.sdk.core/Editor/OVRProjectSetup/Tasks/Implementations/OVRProjectSetupDeviceTasks.cs:42)
System.Runtime.CompilerServices.RuntimeHelpers:RunClassConstructor (System.RuntimeTypeHandle)
UnityEditor.EditorAssemblies:ProcessInitializeOnLoadAttributes (System.Type[])

[./Library/PackageCache/com.meta.xr.sdk.core/Editor/OVRConfig.cs line 82]

Cancelling DisplayDialog: Android SDK not Found Android SDK not found. Please ensure that the path is set correctly in (Edit -> Preferences -> External Tools) or that the Untiy Android module is installed correctly.
This should not be called in batch mode.
UnityEngine.Debug:ExtractStackTraceNoAlloc (byte*,int,string)
UnityEngine.StackTraceUtility:ExtractStackTrace ()
UnityEditor.EditorUtility:DisplayDialogImpl (string,string,string,string)
UnityEditor.EditorUtility:DisplayDialog (string,string,string,string)
UnityEditor.EditorUtility:DisplayDialog (string,string,string)
OVRConfig:GetAndroidSDKPathLocation (bool) (at ./Library/PackageCache/com.meta.xr.sdk.core/Editor/OVRConfig.cs:104)
UnityADBToolSingleton:.cctor () (at ./Library/PackageCache/com.meta.xr.sdk.core/Editor/UnityADBToolSingleton.cs:27)
OVRProjectSetupDeviceTasks:.cctor () (at ./Library/PackageCache/com.meta.xr.sdk.core/Editor/OVRProjectSetup/Tasks/Implementations/OVRProjectSetupDeviceTasks.cs:42)
System.Runtime.CompilerServices.RuntimeHelpers:RunClassConstructor (System.RuntimeTypeHandle)
UnityEditor.EditorAssemblies:ProcessInitializeOnLoadAttributes (System.Type[])

[./Library/PackageCache/com.meta.xr.sdk.core/Editor/OVRConfig.cs line 104]

Mono: successfully reloaded assembly
[Package Manager] Failed to launch server process. Reason: Unity was launched with the -noUpm command-line argument
[Package Manager] Unable to send message (not connected to server process).
[Package Manager] Cannot connect to Unity Package Manager local server
[Package Manager] Failed to launch server process. Reason: Unity was launched with the -noUpm command-line argument
[Package Manager] Unable to send message (not connected to server process).
[Package Manager] Cannot connect to Unity Package Manager local server
- Finished resetting the current domain, in  1.282 seconds
Domain Reload Profiling: 2235ms
	BeginReloadAssembly (186ms)
		ExecutionOrderSort (0ms)
		DisableScriptedObjects (7ms)
		BackupInstance (0ms)
		ReleaseScriptingObjects (0ms)
		CreateAndSetChildDomain (33ms)
	RebuildCommonClasses (45ms)
	RebuildNativeTypeToScriptingClass (12ms)
	initialDomainReloadingComplete (44ms)
	LoadAllAssembliesAndSetupDomain (666ms)
		LoadAssemblies (428ms)
		RebuildTransferFunctionScriptingTraits (0ms)
		AnalyzeDomain (345ms)
			TypeCache.Refresh (243ms)
				TypeCache.ScanAssembly (220ms)
			BuildScriptInfoCaches (79ms)
			ResolveRequiredComponents (19ms)
	FinalizeReload (1283ms)
		ReleaseScriptCaches (0ms)
		RebuildScriptCaches (0ms)
		SetupLoadedEditorAssemblies (1086ms)
			LogAssemblyErrors (0ms)
			InitializePlatformSupportModulesInManaged (2ms)
			SetLoadedEditorAssemblies (4ms)
			BeforeProcessingInitializeOnLoad (153ms)
			ProcessInitializeOnLoadAttributes (702ms)
			ProcessInitializeOnLoadMethodAttributes (219ms)
			AfterProcessingInitializeOnLoad (6ms)
			EditorAssembliesLoaded (0ms)
		ExecutionOrderSort2 (0ms)
		AwakeInstancesAfterBackupRestoration (8ms)
Shader 'Oculus/OVRMRCameraFrameLit': fallback shader 'Alpha-Diffuse' not found
Launched and connected shader compiler UnityShaderCompiler.exe after 0.03 seconds
Refreshing native plugins compatible for Editor in 9.72 ms, found 11 plugins.
Preloading 0 native plugins for Editor in 0.00 ms.
Unloading 290 Unused Serialized files (Serialized files now loaded: 0)
Unloading 7788 unused Assets / (5.0 MB). Loaded Objects now: 8584.
Memory consumption went from 203.9 MB to 198.9 MB.
Total: 13.344800 ms (FindLiveObjects: 0.911600 ms CreateObjectMapping: 0.858900 ms MarkObjects: 8.186700 ms  DeleteObjects: 3.386200 ms)

========================================================================
Received Import Request.
  Time since last request: 50663.513565 seconds.
  path: Assets/Models/Calendario/Piramide/BaseNormal.png
  artifactKey: Guid(9076649bceb4da14f9497dd8165ec518) Importer(815301076,1909f56bfc062723c751e8b465ee728b)
Start importing Assets/Models/Calendario/Piramide/BaseNormal.png using Guid(9076649bceb4da14f9497dd8165ec518) Importer(815301076,1909f56bfc062723c751e8b465ee728b) (PreviewImporter) -> (artifact id: 'b1a9d896ec86fe10219a523679fb093a') in 0.2705721 seconds
Number of updated asset objects reloaded before import = 0Number of asset objects unloaded after import = 2

========================================================================
Received Import Request.
  Time since last request: 178.913671 seconds.
  path: Assets/Models/Calendario/Estatuas
  artifactKey: Guid(60b55db94470cac45bccf0170e59c76b) Importer(815301076,1909f56bfc062723c751e8b465ee728b)
Start importing Assets/Models/Calendario/Estatuas using Guid(60b55db94470cac45bccf0170e59c76b) Importer(815301076,1909f56bfc062723c751e8b465ee728b) (PreviewImporter) -> (artifact id: '2612198e317ec0f4a05ec76b4772a88d') in 0.0018021 seconds
Number of updated asset objects reloaded before import = 0Number of asset objects unloaded after import = 0

========================================================================
Received Import Request.
  Time since last request: 16.801983 seconds.
  path: Assets/Models/Calendario/Estatuas/Estatua1
  artifactKey: Guid(e89a92850b79bfe4a82d464407265d32) Importer(815301076,1909f56bfc062723c751e8b465ee728b)
Start importing Assets/Models/Calendario/Estatuas/Estatua1 using Guid(e89a92850b79bfe4a82d464407265d32) Importer(815301076,1909f56bfc062723c751e8b465ee728b) (PreviewImporter) -> (artifact id: '0cb97e83bd38a501dfe69fa8815cbaf0') in 0.0010435 seconds
Number of updated asset objects reloaded before import = 0Number of asset objects unloaded after import = 0

========================================================================
Received Import Request.
  Time since last request: 9.449335 seconds.
  path: Assets/Models/Calendario/Estatuas/Estatua2
  artifactKey: Guid(14215705c7b9d054c8453b79c7978e26) Importer(815301076,1909f56bfc062723c751e8b465ee728b)
Start importing Assets/Models/Calendario/Estatuas/Estatua2 using Guid(14215705c7b9d054c8453b79c7978e26) Importer(815301076,1909f56bfc062723c751e8b465ee728b) (PreviewImporter) -> (artifact id: '6b38aaed93547b1849bb5803d1acce43') in 0.001101 seconds
Number of updated asset objects reloaded before import = 0Number of asset objects unloaded after import = 0

========================================================================
Received Import Request.
  Time since last request: 9.807432 seconds.
  path: Assets/Models/Calendario/Estatuas/Estatua3
  artifactKey: Guid(815f2cef33e8f0f4fb8049856b489f0a) Importer(815301076,1909f56bfc062723c751e8b465ee728b)
Start importing Assets/Models/Calendario/Estatuas/Estatua3 using Guid(815f2cef33e8f0f4fb8049856b489f0a) Importer(815301076,1909f56bfc062723c751e8b465ee728b) (PreviewImporter) -> (artifact id: 'f0396157c096a053198083111ac13303') in 0.0013467 seconds
Number of updated asset objects reloaded before import = 0Number of asset objects unloaded after import = 0

========================================================================
Received Import Request.
  Time since last request: 17.987447 seconds.
  path: Assets/Models/Calendario/Estatuas/Estatua1/Textura Maya1.png
  artifactKey: Guid(417adeb6a5df2ac43830a2a758a86d02) Importer(815301076,1909f56bfc062723c751e8b465ee728b)
Start importing Assets/Models/Calendario/Estatuas/Estatua1/Textura Maya1.png using Guid(417adeb6a5df2ac43830a2a758a86d02) Importer(815301076,1909f56bfc062723c751e8b465ee728b) (PreviewImporter) -> (artifact id: '807c6e5472ad0c4612f5c642f5202ef0') in 0.0392344 seconds
Number of updated asset objects reloaded before import = 0Number of asset objects unloaded after import = 2

========================================================================
Received Import Request.
  Time since last request: 10.591075 seconds.
  path: Assets/Models/Calendario/Estatuas/Estatua2/MayaE2.jpg
  artifactKey: Guid(84c3db52e859a9f4da9d7efdc0352ac4) Importer(815301076,1909f56bfc062723c751e8b465ee728b)
Start importing Assets/Models/Calendario/Estatuas/Estatua2/MayaE2.jpg using Guid(84c3db52e859a9f4da9d7efdc0352ac4) Importer(815301076,1909f56bfc062723c751e8b465ee728b) (PreviewImporter) -> (artifact id: '841237cdd0efd5094168b4bd2607e244') in 0.0425604 seconds
Number of updated asset objects reloaded before import = 0Number of asset objects unloaded after import = 2

========================================================================
Received Import Request.
  Time since last request: 57.679135 seconds.
  path: Assets/Models/Calendario/Estatuas/Estatua1/MayaE1.fbx
  artifactKey: Guid(25de804d077fb9f4883fe98c1dfe4d2c) Importer(815301076,1909f56bfc062723c751e8b465ee728b)
Start importing Assets/Models/Calendario/Estatuas/Estatua1/MayaE1.fbx using Guid(25de804d077fb9f4883fe98c1dfe4d2c) Importer(815301076,1909f56bfc062723c751e8b465ee728b) (PreviewImporter) -> (artifact id: 'f2bed0ca9bd678e56b9a5c01a630d897') in 0.7828001 seconds
Number of updated asset objects reloaded before import = 0Number of asset objects unloaded after import = 9

========================================================================
Received Import Request.
  Time since last request: 10.927800 seconds.
  path: Assets/Models/Calendario/Estatuas/Estatua2/Estatue2.fbx
  artifactKey: Guid(14706f025c7d569459cb3952d92285f4) Importer(815301076,1909f56bfc062723c751e8b465ee728b)
Start importing Assets/Models/Calendario/Estatuas/Estatua2/Estatue2.fbx using Guid(14706f025c7d569459cb3952d92285f4) Importer(815301076,1909f56bfc062723c751e8b465ee728b) (PreviewImporter) -> (artifact id: 'b909b08b4a467382ff8f7d033f24b067') in 0.0799626 seconds
Number of updated asset objects reloaded before import = 0Number of asset objects unloaded after import = 8

========================================================================
Received Import Request.
  Time since last request: 11.941820 seconds.
  path: Assets/Models/Calendario/Estatuas/Estatua3/Estatue3.fbx
  artifactKey: Guid(07d7b8a3de4084b41a085ed50ded2295) Importer(815301076,1909f56bfc062723c751e8b465ee728b)
Start importing Assets/Models/Calendario/Estatuas/Estatua3/Estatue3.fbx using Guid(07d7b8a3de4084b41a085ed50ded2295) Importer(815301076,1909f56bfc062723c751e8b465ee728b) (PreviewImporter) -> (artifact id: '5a69566cb32d453556b7433abc372eb3') in 0.085806 seconds
Number of updated asset objects reloaded before import = 0Number of asset objects unloaded after import = 9

========================================================================
Received Import Request.
  Time since last request: 183.649210 seconds.
  path: Assets/Models/Calendario/Senial
  artifactKey: Guid(cfd971712bc62224da6727096eff87de) Importer(815301076,1909f56bfc062723c751e8b465ee728b)
Start importing Assets/Models/Calendario/Senial using Guid(cfd971712bc62224da6727096eff87de) Importer(815301076,1909f56bfc062723c751e8b465ee728b) (PreviewImporter) -> (artifact id: 'e8617edafe90f4b7cf166797a8ec93c0') in 0.0012261 seconds
Number of updated asset objects reloaded before import = 0Number of asset objects unloaded after import = 0

========================================================================
Received Import Request.
  Time since last request: 15.716098 seconds.
  path: Assets/Models/Calendario/Senial/SM_Information_sign_T_information_sign_BaseColor.100.png
  artifactKey: Guid(a608063dc4f1a834da9d0dda0365795e) Importer(815301076,1909f56bfc062723c751e8b465ee728b)
Start importing Assets/Models/Calendario/Senial/SM_Information_sign_T_information_sign_BaseColor.100.png using Guid(a608063dc4f1a834da9d0dda0365795e) Importer(815301076,1909f56bfc062723c751e8b465ee728b) (PreviewImporter) -> (artifact id: '8f1136e2d27ca8cac292793d3115db6c') in 0.0562842 seconds
Number of updated asset objects reloaded before import = 0Number of asset objects unloaded after import = 2

========================================================================
Received Import Request.
  Time since last request: 0.000043 seconds.
  path: Assets/Models/Calendario/Senial/SM_Information_sign_T_information_sign_Metallic.100.png
  artifactKey: Guid(e8bd792d8f748c043bbeae30257845de) Importer(815301076,1909f56bfc062723c751e8b465ee728b)
Start importing Assets/Models/Calendario/Senial/SM_Information_sign_T_information_sign_Metallic.100.png using Guid(e8bd792d8f748c043bbeae30257845de) Importer(815301076,1909f56bfc062723c751e8b465ee728b) (PreviewImporter) -> (artifact id: '02f8fa12b5d4d062d2c6d7a4e5e3584b') in 0.0359459 seconds
Number of updated asset objects reloaded before import = 0Number of asset objects unloaded after import = 2

========================================================================
Received Import Request.
  Time since last request: 0.000050 seconds.
  path: Assets/Models/Calendario/Senial/SM_Information_sign_T_information_sign_Roughness.100.png
  artifactKey: Guid(6914f7e072375b04cb9c419f92d90aca) Importer(815301076,1909f56bfc062723c751e8b465ee728b)
Start importing Assets/Models/Calendario/Senial/SM_Information_sign_T_information_sign_Roughness.100.png using Guid(6914f7e072375b04cb9c419f92d90aca) Importer(815301076,1909f56bfc062723c751e8b465ee728b) (PreviewImporter) -> (artifact id: '1feaf5eed5dc457ae6f09d91c1c77e38') in 0.0383326 seconds
Number of updated asset objects reloaded before import = 0Number of asset objects unloaded after import = 2

========================================================================
Received Import Request.
  Time since last request: 77.921201 seconds.
  path: Assets/Models/Calendario/Reloj
  artifactKey: Guid(0be7444f0334d9f4c867a7efe129f373) Importer(815301076,1909f56bfc062723c751e8b465ee728b)
Start importing Assets/Models/Calendario/Reloj using Guid(0be7444f0334d9f4c867a7efe129f373) Importer(815301076,1909f56bfc062723c751e8b465ee728b) (PreviewImporter) -> (artifact id: '3e36424837af176b58c4405d37baf700') in 0.0011026 seconds
Number of updated asset objects reloaded before import = 0Number of asset objects unloaded after import = 0

========================================================================
Received Import Request.
  Time since last request: 11.952993 seconds.
  path: Assets/Models/Calendario/Reloj/RelojB
  artifactKey: Guid(d218a9a798ae10840910ca266a6bbea0) Importer(815301076,1909f56bfc062723c751e8b465ee728b)
Start importing Assets/Models/Calendario/Reloj/RelojB using Guid(d218a9a798ae10840910ca266a6bbea0) Importer(815301076,1909f56bfc062723c751e8b465ee728b) (PreviewImporter) -> (artifact id: '0c80cfeb42ef9d96a52212d2e8e1d5d2') in 0.0009488 seconds
Number of updated asset objects reloaded before import = 0Number of asset objects unloaded after import = 0

========================================================================
Received Import Request.
  Time since last request: 8.938260 seconds.
  path: Assets/Models/Calendario/Reloj/RelojC
  artifactKey: Guid(e390d0139b0466b4e915747586a76d8f) Importer(815301076,1909f56bfc062723c751e8b465ee728b)
Start importing Assets/Models/Calendario/Reloj/RelojC using Guid(e390d0139b0466b4e915747586a76d8f) Importer(815301076,1909f56bfc062723c751e8b465ee728b) (PreviewImporter) -> (artifact id: '8b197b772febbf91afc404b27f8f4b99') in 0.0010574 seconds
Number of updated asset objects reloaded before import = 0Number of asset objects unloaded after import = 0

========================================================================
Received Import Request.
  Time since last request: 10.980438 seconds.
  path: Assets/Models/Calendario/Reloj/_Melting_clock__0701155430_texture.fbx
  artifactKey: Guid(e8d7bfe481c28684d90599a372a04c10) Importer(815301076,1909f56bfc062723c751e8b465ee728b)
Start importing Assets/Models/Calendario/Reloj/_Melting_clock__0701155430_texture.fbx using Guid(e8d7bfe481c28684d90599a372a04c10) Importer(815301076,1909f56bfc062723c751e8b465ee728b) (PreviewImporter) -> (artifact id: '8964d96423ee85c675961c2e109abfb9') in 0.0499134 seconds
Number of updated asset objects reloaded before import = 0Number of asset objects unloaded after import = 7

========================================================================
Received Import Request.
  Time since last request: 12.719458 seconds.
  path: Assets/Models/Calendario/Reloj/RelojB/_MELTING_dripping_CL_0701162433_texture.fbx
  artifactKey: Guid(5fd9eaaec7f82444ba375646685eb73c) Importer(815301076,1909f56bfc062723c751e8b465ee728b)
Start importing Assets/Models/Calendario/Reloj/RelojB/_MELTING_dripping_CL_0701162433_texture.fbx using Guid(5fd9eaaec7f82444ba375646685eb73c) Importer(815301076,1909f56bfc062723c751e8b465ee728b) (PreviewImporter) -> (artifact id: '8f1778669991e50ac8ef975b32565ed6') in 0.0573929 seconds
Number of updated asset objects reloaded before import = 0Number of asset objects unloaded after import = 7

========================================================================
Received Import Request.
  Time since last request: 9.596610 seconds.
  path: Assets/Models/Calendario/Reloj/RelojC/Reloj3.fbx
  artifactKey: Guid(aab31aece3378fe40948a92a442d8121) Importer(815301076,1909f56bfc062723c751e8b465ee728b)
Start importing Assets/Models/Calendario/Reloj/RelojC/Reloj3.fbx using Guid(aab31aece3378fe40948a92a442d8121) Importer(815301076,1909f56bfc062723c751e8b465ee728b) (PreviewImporter) -> (artifact id: '5cf7e93f55e5ed1deffef8547363d5f7') in 0.0616716 seconds
Number of updated asset objects reloaded before import = 0Number of asset objects unloaded after import = 8

========================================================================
Received Import Request.
  Time since last request: 0.000063 seconds.
  path: Assets/Models/Calendario/Reloj/RelojC/ClockCol.png
  artifactKey: Guid(ec5b7cef64635f5409764408655ead53) Importer(815301076,1909f56bfc062723c751e8b465ee728b)
Start importing Assets/Models/Calendario/Reloj/RelojC/ClockCol.png using Guid(ec5b7cef64635f5409764408655ead53) Importer(815301076,1909f56bfc062723c751e8b465ee728b) (PreviewImporter) -> (artifact id: 'b51f9e10574f7a3cdb763a0f5946c1ee') in 0.0487866 seconds
Number of updated asset objects reloaded before import = 0Number of asset objects unloaded after import = 2

========================================================================
Received Import Request.
  Time since last request: 87.689267 seconds.
  path: Assets/Models/Calendario/Cueva y planetas/Texturas/Mercurio.png
  artifactKey: Guid(767571b73754dd949a397f82858a5da7) Importer(815301076,1909f56bfc062723c751e8b465ee728b)
Start importing Assets/Models/Calendario/Cueva y planetas/Texturas/Mercurio.png using Guid(767571b73754dd949a397f82858a5da7) Importer(815301076,1909f56bfc062723c751e8b465ee728b) (PreviewImporter) -> (artifact id: '37468b2ffee6a410fb0eece3ab7ad93b') in 0.0372428 seconds
Number of updated asset objects reloaded before import = 0Number of asset objects unloaded after import = 2

========================================================================
Received Import Request.
  Time since last request: 0.000040 seconds.
  path: Assets/Models/Calendario/Cueva y planetas/Texturas/Venus.png
  artifactKey: Guid(efed3528fcbf5f647a97eba452341664) Importer(815301076,1909f56bfc062723c751e8b465ee728b)
Start importing Assets/Models/Calendario/Cueva y planetas/Texturas/Venus.png using Guid(efed3528fcbf5f647a97eba452341664) Importer(815301076,1909f56bfc062723c751e8b465ee728b) (PreviewImporter) -> (artifact id: 'bd920b7de6d20cb1784596159f56682e') in 0.0387963 seconds
Number of updated asset objects reloaded before import = 0Number of asset objects unloaded after import = 2

========================================================================
Received Import Request.
  Time since last request: 0.000057 seconds.
  path: Assets/Models/Calendario/Cueva y planetas/Texturas/untitled_Sun_Emissive.png
  artifactKey: Guid(059fa85e49f058a4595d35e1ddd376e3) Importer(815301076,1909f56bfc062723c751e8b465ee728b)
Start importing Assets/Models/Calendario/Cueva y planetas/Texturas/untitled_Sun_Emissive.png using Guid(059fa85e49f058a4595d35e1ddd376e3) Importer(815301076,1909f56bfc062723c751e8b465ee728b) (PreviewImporter) -> (artifact id: '73b79ce381a9d82b34a1ec9c50790665') in 0.0391739 seconds
Number of updated asset objects reloaded before import = 0Number of asset objects unloaded after import = 2

========================================================================
Received Import Request.
  Time since last request: 0.000047 seconds.
  path: Assets/Models/Calendario/Cueva y planetas/Texturas/untitled_1k_MaskMap.png
  artifactKey: Guid(304cf86ee66a92745aecb4538cbb4d94) Importer(815301076,1909f56bfc062723c751e8b465ee728b)
Start importing Assets/Models/Calendario/Cueva y planetas/Texturas/untitled_1k_MaskMap.png using Guid(304cf86ee66a92745aecb4538cbb4d94) Importer(815301076,1909f56bfc062723c751e8b465ee728b) (PreviewImporter) -> (artifact id: '738a48a74f0b97ec151a4855e7e7b3d1') in 0.0421615 seconds
Number of updated asset objects reloaded before import = 0Number of asset objects unloaded after import = 2

========================================================================
Received Import Request.
  Time since last request: 0.000043 seconds.
  path: Assets/Models/Calendario/Cueva y planetas/Texturas/untitled_1k_BaseMap.png
  artifactKey: Guid(43478ca6500d019439d58cf9ff058bdd) Importer(815301076,1909f56bfc062723c751e8b465ee728b)
Start importing Assets/Models/Calendario/Cueva y planetas/Texturas/untitled_1k_BaseMap.png using Guid(43478ca6500d019439d58cf9ff058bdd) Importer(815301076,1909f56bfc062723c751e8b465ee728b) (PreviewImporter) -> (artifact id: '5846d83fa756277ae6a46003e8fd0d32') in 0.0406017 seconds
Number of updated asset objects reloaded before import = 0Number of asset objects unloaded after import = 2

Editor requested this worker to shutdown with reason: Scaling down because of idle timeout
AssetImportWorker is now disconnected from the server
Process exiting
Exiting without the bug reporter. Application will terminate with return code 0