Using pre-set license
Built from '6000.0/staging' branch; Version is '6000.0.33f1 (433b0a79340b) revision 4406026'; Using compiler version '193933523'; Build Type 'Release'
OS: 'Windows 11  (10.0.26100) 64bit Professional' Language: 'es' Physical Memory: 16179 MB
BatchMode: 1, IsHumanControllingUs: 0, StartBugReporterOnCrash: 0, Is64bit: 1, IsPro: 1

COMMAND LINE ARGUMENTS:
C:\Program Files\Unity\Hub\Editor\6000.0.33f1\Editor\Unity.exe
-adb2
-batchMode
-noUpm
-name
AssetImportWorker1
-projectPath
C:/Users/LIS/Documents/FDM
-logFile
Logs/AssetImportWorker1.log
-srvPort
51071
-job-worker-count
3
-background-job-worker-count
8
-gc-helper-count
1
Successfully changed project path to: C:/Users/LIS/Documents/FDM
C:/Users/LIS/Documents/FDM
[UnityMemory] Configuration Parameters - Can be set up in boot.config
    "memorysetup-bucket-allocator-granularity=16"
    "memorysetup-bucket-allocator-bucket-count=8"
    "memorysetup-bucket-allocator-block-size=33554432"
    "memorysetup-bucket-allocator-block-count=8"
    "memorysetup-main-allocator-block-size=16777216"
    "memorysetup-thread-allocator-block-size=16777216"
    "memorysetup-gfx-main-allocator-block-size=16777216"
    "memorysetup-gfx-thread-allocator-block-size=16777216"
    "memorysetup-cache-allocator-block-size=4194304"
    "memorysetup-typetree-allocator-block-size=2097152"
    "memorysetup-profiler-bucket-allocator-granularity=16"
    "memorysetup-profiler-bucket-allocator-bucket-count=8"
    "memorysetup-profiler-bucket-allocator-block-size=33554432"
    "memorysetup-profiler-bucket-allocator-block-count=8"
    "memorysetup-profiler-allocator-block-size=16777216"
    "memorysetup-profiler-editor-allocator-block-size=1048576"
    "memorysetup-temp-allocator-size-main=16777216"
    "memorysetup-job-temp-allocator-block-size=2097152"
    "memorysetup-job-temp-allocator-block-size-background=1048576"
    "memorysetup-job-temp-allocator-reduction-small-platforms=262144"
    "memorysetup-allocator-temp-initial-block-size-main=262144"
    "memorysetup-allocator-temp-initial-block-size-worker=262144"
    "memorysetup-temp-allocator-size-background-worker=32768"
    "memorysetup-temp-allocator-size-job-worker=262144"
    "memorysetup-temp-allocator-size-preload-manager=33554432"
    "memorysetup-temp-allocator-size-nav-mesh-worker=65536"
    "memorysetup-temp-allocator-size-audio-worker=65536"
    "memorysetup-temp-allocator-size-cloud-worker=32768"
    "memorysetup-temp-allocator-size-gi-baking-worker=262144"
    "memorysetup-temp-allocator-size-gi-baking-worker=262144"
    "memorysetup-temp-allocator-size-gi-baking-worker=262144"
    "memorysetup-temp-allocator-size-gi-baking-worker=262144"
    "memorysetup-temp-allocator-size-gi-baking-worker=262144"
    "memorysetup-temp-allocator-size-gfx=262144"
Player connection [13112]  Target information:

Player connection [13112]  * "[IP] 192.168.0.115 [Port] 0 [Flags] 2 [Guid] 3916077979 [EditorId] 3916077979 [Version] 1048832 [Id] WindowsEditor(7,DESKTOP-CS71Q2P) [Debug] 1 [PackageName] WindowsEditor [ProjectName] Editor" 

Player connection [13112] Host joined multi-casting on [225.0.0.222:54997]...
Player connection [13112] Host joined alternative multi-casting on [225.0.0.222:34997]...
JobSystem: Creating JobQueue using job-worker-count value 3
[Physics::Module] Initialized fallback backend.
[Physics::Module] Id: 0xdecafbad
Library Redirect Path: Library/
[Physics::Module] Selected backend.
[Physics::Module] Name: PhysX
[Physics::Module] Id: 0xf2b8ea05
[Physics::Module] SDK Version: 4.1.2
[Physics::Module] Integration Version: 1.0.0
[Physics::Module] Threading Mode: Multi-Threaded
Refreshing native plugins compatible for Editor in 14.76 ms, found 11 plugins.
Preloading 0 native plugins for Editor in 0.00 ms.
Initialize engine version: 6000.0.33f1 (433b0a79340b)
[Subsystems] Discovering subsystems at path C:/Program Files/Unity/Hub/Editor/6000.0.33f1/Editor/Data/Resources/UnitySubsystems
[Subsystems] Discovering subsystems at path C:/Users/LIS/Documents/FDM/Assets
GfxDevice: creating device client; kGfxThreadingModeNonThreaded
Direct3D:
    Version:  Direct3D 11.0 [level 11.1]
    Renderer: NVIDIA GeForce RTX 3060 Laptop GPU (ID=0x2520)
    Vendor:   NVIDIA
    VRAM:     6023 MB
    Driver:   27.21.14.6172
Shader 'Oculus/OVRMRCameraFrameLit': fallback shader 'Alpha-Diffuse' not found
Initialize mono
Mono path[0] = 'C:/Program Files/Unity/Hub/Editor/6000.0.33f1/Editor/Data/Managed'
Mono path[1] = 'C:/Program Files/Unity/Hub/Editor/6000.0.33f1/Editor/Data/MonoBleedingEdge/lib/mono/unityjit-win32'
Mono config path = 'C:/Program Files/Unity/Hub/Editor/6000.0.33f1/Editor/Data/MonoBleedingEdge/etc'
Using monoOptions --debugger-agent=transport=dt_socket,embedding=1,server=y,suspend=n,address=127.0.0.1:56088
Begin MonoManager ReloadAssembly
Registering precompiled unity dll's ...
Register platform support module: C:/Program Files/Unity/Hub/Editor/6000.0.33f1/Editor/Data/PlaybackEngines/WindowsStandaloneSupport/UnityEditor.WindowsStandalone.Extensions.dll
Registered in 0.003406 seconds.
- Loaded All Assemblies, in  0.554 seconds
Native extension for WindowsStandalone target not found
Mono: successfully reloaded assembly
- Finished resetting the current domain, in  0.454 seconds
Domain Reload Profiling: 1005ms
	BeginReloadAssembly (184ms)
		ExecutionOrderSort (0ms)
		DisableScriptedObjects (0ms)
		BackupInstance (0ms)
		ReleaseScriptingObjects (0ms)
		CreateAndSetChildDomain (1ms)
	RebuildCommonClasses (52ms)
	RebuildNativeTypeToScriptingClass (20ms)
	initialDomainReloadingComplete (68ms)
	LoadAllAssembliesAndSetupDomain (226ms)
		LoadAssemblies (181ms)
		RebuildTransferFunctionScriptingTraits (0ms)
		AnalyzeDomain (223ms)
			TypeCache.Refresh (221ms)
				TypeCache.ScanAssembly (205ms)
			BuildScriptInfoCaches (0ms)
			ResolveRequiredComponents (0ms)
	FinalizeReload (454ms)
		ReleaseScriptCaches (0ms)
		RebuildScriptCaches (0ms)
		SetupLoadedEditorAssemblies (406ms)
			LogAssemblyErrors (0ms)
			InitializePlatformSupportModulesInManaged (34ms)
			SetLoadedEditorAssemblies (7ms)
			BeforeProcessingInitializeOnLoad (78ms)
			ProcessInitializeOnLoadAttributes (216ms)
			ProcessInitializeOnLoadMethodAttributes (72ms)
			AfterProcessingInitializeOnLoad (0ms)
			EditorAssembliesLoaded (0ms)
		ExecutionOrderSort2 (0ms)
		AwakeInstancesAfterBackupRestoration (0ms)
========================================================================
Worker process is ready to serve import requests
Import Worker Mode flag is 0x00
Begin MonoManager ReloadAssembly
- Loaded All Assemblies, in  1.187 seconds
Script 'CharacterController' has the same name as built-in Unity component.
AddComponent and GetComponent will not work with this script.
'Packages/com.meta.xr.sdk.core/Editor/BuildingBlocks/BlocksWindow.cs' contains partial class of Unity.Object, exactly 1 of the partial classes needs to be in a file with the same filename. This is to know the one that can be referenced from ie. GameObjects
'Packages/com.meta.xr.sdk.core/Editor/BuildingBlocks/BlocksWindowDetailsExtension.cs' contains partial class of Unity.Object, exactly 1 of the partial classes needs to be in a file with the same filename. This is to know the one that can be referenced from ie. GameObjects
'Packages/com.meta.xr.sdk.core/Editor/BuildingBlocks/BlocksWindowCollectionsPageExtension.cs' contains partial class of Unity.Object, exactly 1 of the partial classes needs to be in a file with the same filename. This is to know the one that can be referenced from ie. GameObjects
Refreshing native plugins compatible for Editor in 11.23 ms, found 11 plugins.
Native extension for WindowsStandalone target not found
Package Manager log level set to [2]
[Package Manager] Failed to launch server process. Reason: Unity was launched with the -noUpm command-line argument
[Package Manager] Unable to send message (not connected to server process).
[Package Manager] Cannot connect to Unity Package Manager local server
[Package Manager] Failed to launch server process. Reason: Unity was launched with the -noUpm command-line argument
[Package Manager] Unable to send message (not connected to server process).
[Package Manager] Cannot connect to Unity Package Manager local server
Refreshing native plugins compatible for Editor in 9.90 ms, found 11 plugins.
Build target directory for AndroidPlayer does not exist!
UnityEngine.Debug:ExtractStackTraceNoAlloc (byte*,int,string)
UnityEngine.StackTraceUtility:ExtractStackTrace ()
UnityEditor.BuildPipeline:GetPlaybackEngineDirectory (UnityEditor.BuildTargetGroup,UnityEditor.BuildTarget,UnityEditor.BuildOptions,bool)
UnityEditor.BuildPipeline:GetPlaybackEngineDirectory (UnityEditor.BuildTarget,UnityEditor.BuildOptions,bool)
UnityEditor.BuildPipeline:GetPlaybackEngineDirectory (UnityEditor.BuildTarget,UnityEditor.BuildOptions)
OVRConfig:GetAndroidSDKPathLocation (bool) (at ./Library/PackageCache/com.meta.xr.sdk.core/Editor/OVRConfig.cs:82)
UnityADBToolSingleton:.cctor () (at ./Library/PackageCache/com.meta.xr.sdk.core/Editor/UnityADBToolSingleton.cs:27)
OVRProjectSetupDeviceTasks:.cctor () (at ./Library/PackageCache/com.meta.xr.sdk.core/Editor/OVRProjectSetup/Tasks/Implementations/OVRProjectSetupDeviceTasks.cs:42)
System.Runtime.CompilerServices.RuntimeHelpers:RunClassConstructor (System.RuntimeTypeHandle)
UnityEditor.EditorAssemblies:ProcessInitializeOnLoadAttributes (System.Type[])

[./Library/PackageCache/com.meta.xr.sdk.core/Editor/OVRConfig.cs line 82]

Cancelling DisplayDialog: Android SDK not Found Android SDK not found. Please ensure that the path is set correctly in (Edit -> Preferences -> External Tools) or that the Untiy Android module is installed correctly.
This should not be called in batch mode.
UnityEngine.Debug:ExtractStackTraceNoAlloc (byte*,int,string)
UnityEngine.StackTraceUtility:ExtractStackTrace ()
UnityEditor.EditorUtility:DisplayDialogImpl (string,string,string,string)
UnityEditor.EditorUtility:DisplayDialog (string,string,string,string)
UnityEditor.EditorUtility:DisplayDialog (string,string,string)
OVRConfig:GetAndroidSDKPathLocation (bool) (at ./Library/PackageCache/com.meta.xr.sdk.core/Editor/OVRConfig.cs:104)
UnityADBToolSingleton:.cctor () (at ./Library/PackageCache/com.meta.xr.sdk.core/Editor/UnityADBToolSingleton.cs:27)
OVRProjectSetupDeviceTasks:.cctor () (at ./Library/PackageCache/com.meta.xr.sdk.core/Editor/OVRProjectSetup/Tasks/Implementations/OVRProjectSetupDeviceTasks.cs:42)
System.Runtime.CompilerServices.RuntimeHelpers:RunClassConstructor (System.RuntimeTypeHandle)
UnityEditor.EditorAssemblies:ProcessInitializeOnLoadAttributes (System.Type[])

[./Library/PackageCache/com.meta.xr.sdk.core/Editor/OVRConfig.cs line 104]

Mono: successfully reloaded assembly
[Package Manager] Failed to launch server process. Reason: Unity was launched with the -noUpm command-line argument
[Package Manager] Unable to send message (not connected to server process).
[Package Manager] Cannot connect to Unity Package Manager local server
[Package Manager] Failed to launch server process. Reason: Unity was launched with the -noUpm command-line argument
[Package Manager] Unable to send message (not connected to server process).
[Package Manager] Cannot connect to Unity Package Manager local server
- Finished resetting the current domain, in  1.557 seconds
Domain Reload Profiling: 2737ms
	BeginReloadAssembly (236ms)
		ExecutionOrderSort (0ms)
		DisableScriptedObjects (10ms)
		BackupInstance (0ms)
		ReleaseScriptingObjects (0ms)
		CreateAndSetChildDomain (47ms)
	RebuildCommonClasses (53ms)
	RebuildNativeTypeToScriptingClass (20ms)
	initialDomainReloadingComplete (56ms)
	LoadAllAssembliesAndSetupDomain (814ms)
		LoadAssemblies (495ms)
		RebuildTransferFunctionScriptingTraits (0ms)
		AnalyzeDomain (457ms)
			TypeCache.Refresh (322ms)
				TypeCache.ScanAssembly (290ms)
			BuildScriptInfoCaches (101ms)
			ResolveRequiredComponents (28ms)
	FinalizeReload (1558ms)
		ReleaseScriptCaches (0ms)
		RebuildScriptCaches (0ms)
		SetupLoadedEditorAssemblies (1304ms)
			LogAssemblyErrors (0ms)
			InitializePlatformSupportModulesInManaged (3ms)
			SetLoadedEditorAssemblies (4ms)
			BeforeProcessingInitializeOnLoad (212ms)
			ProcessInitializeOnLoadAttributes (817ms)
			ProcessInitializeOnLoadMethodAttributes (262ms)
			AfterProcessingInitializeOnLoad (5ms)
			EditorAssembliesLoaded (1ms)
		ExecutionOrderSort2 (0ms)
		AwakeInstancesAfterBackupRestoration (12ms)
Shader 'Oculus/OVRMRCameraFrameLit': fallback shader 'Alpha-Diffuse' not found
Launched and connected shader compiler UnityShaderCompiler.exe after 0.02 seconds
Refreshing native plugins compatible for Editor in 16.73 ms, found 11 plugins.
Preloading 0 native plugins for Editor in 0.00 ms.
Unloading 290 Unused Serialized files (Serialized files now loaded: 0)
Unloading 7788 unused Assets / (4.9 MB). Loaded Objects now: 8584.
Memory consumption went from 204.1 MB to 199.2 MB.
Total: 28.062700 ms (FindLiveObjects: 2.766900 ms CreateObjectMapping: 3.615300 ms MarkObjects: 15.826300 ms  DeleteObjects: 5.852100 ms)

========================================================================
Received Import Request.
  Time since last request: 44365.761794 seconds.
  path: Assets/Models/Covid
  artifactKey: Guid(01bf572fa809be44699944fc7088b169) Importer(815301076,1909f56bfc062723c751e8b465ee728b)
Start importing Assets/Models/Covid using Guid(01bf572fa809be44699944fc7088b169) Importer(815301076,1909f56bfc062723c751e8b465ee728b) (PreviewImporter) -> (artifact id: 'cd0d94244004f960106d11add0ff6dac') in 0.0130036 seconds
Number of updated asset objects reloaded before import = 0Number of asset objects unloaded after import = 0

========================================================================
Received Import Request.
  Time since last request: 0.000025 seconds.
  path: Assets/Models/Covid/corona virus.fbx
  artifactKey: Guid(de7824b40ade96d4dae02b707f101e31) Importer(815301076,1909f56bfc062723c751e8b465ee728b)
Start importing Assets/Models/Covid/corona virus.fbx using Guid(de7824b40ade96d4dae02b707f101e31) Importer(815301076,1909f56bfc062723c751e8b465ee728b) (PreviewImporter) -> (artifact id: '21fea27da76d53784be941f39d849ae6') in 0.9870024 seconds
Number of updated asset objects reloaded before import = 0Number of asset objects unloaded after import = 10

========================================================================
Received Import Request.
  Time since last request: 83.027174 seconds.
  path: Assets/Models/Calendario/model.jpg
  artifactKey: Guid(477001ff05e62074ca706b78e9d41ca7) Importer(815301076,1909f56bfc062723c751e8b465ee728b)
Start importing Assets/Models/Calendario/model.jpg using Guid(477001ff05e62074ca706b78e9d41ca7) Importer(815301076,1909f56bfc062723c751e8b465ee728b) (PreviewImporter) -> (artifact id: '0569ddd7f85185b1b6e29baec89a99ec') in 0.0539828 seconds
Number of updated asset objects reloaded before import = 0Number of asset objects unloaded after import = 2

========================================================================
Received Import Request.
  Time since last request: 5349.446858 seconds.
  path: Assets/Models/Calendario/Opcion2/model.obj
  artifactKey: Guid(e8eb4fe0e4e7b804592ad7e8cd6a2488) Importer(815301076,1909f56bfc062723c751e8b465ee728b)
Start importing Assets/Models/Calendario/Opcion2/model.obj using Guid(e8eb4fe0e4e7b804592ad7e8cd6a2488) Importer(815301076,1909f56bfc062723c751e8b465ee728b) (PreviewImporter) -> (artifact id: 'e70e13bded4d956904a5fdda66d9c227') in 0.3137837 seconds
Number of updated asset objects reloaded before import = 0Number of asset objects unloaded after import = 10

========================================================================
Received Import Request.
  Time since last request: 360.006168 seconds.
  path: Assets/Models/Cueva y planetas/Mecurio.fbx
  artifactKey: Guid(0d320cefb8331344b885125b83b0c7ee) Importer(815301076,1909f56bfc062723c751e8b465ee728b)
Start importing Assets/Models/Cueva y planetas/Mecurio.fbx using Guid(0d320cefb8331344b885125b83b0c7ee) Importer(815301076,1909f56bfc062723c751e8b465ee728b) (PreviewImporter) -> (artifact id: 'fed7cf657a3d2f3e5c8dcc625a2913bc') in 0.1153091 seconds
Number of updated asset objects reloaded before import = 0Number of asset objects unloaded after import = 9

========================================================================
Received Import Request.
  Time since last request: 0.000062 seconds.
  path: Assets/Models/Cueva y planetas/Sol.fbx
  artifactKey: Guid(ce7ab2d7276b2bb44afc960bebd5dddc) Importer(815301076,1909f56bfc062723c751e8b465ee728b)
Start importing Assets/Models/Cueva y planetas/Sol.fbx using Guid(ce7ab2d7276b2bb44afc960bebd5dddc) Importer(815301076,1909f56bfc062723c751e8b465ee728b) (PreviewImporter) -> (artifact id: '1dbd1409e2c582d8ef7a0771c280f55a') in 6.8548967 seconds
Number of updated asset objects reloaded before import = 0Number of asset objects unloaded after import = 10

========================================================================
Received Import Request.
  Time since last request: 203.028807 seconds.
  path: Assets/Models/Calendario/Cueva y planetas/Mecurio.fbx
  artifactKey: Guid(0d320cefb8331344b885125b83b0c7ee) Importer(815301076,1909f56bfc062723c751e8b465ee728b)
Start importing Assets/Models/Calendario/Cueva y planetas/Mecurio.fbx using Guid(0d320cefb8331344b885125b83b0c7ee) Importer(815301076,1909f56bfc062723c751e8b465ee728b) (PreviewImporter) -> (artifact id: 'd7f43590fd4f792bdf3df12aafea7c18') in 0.0846433 seconds
Number of updated asset objects reloaded before import = 0Number of asset objects unloaded after import = 9

========================================================================
Received Import Request.
  Time since last request: 0.000041 seconds.
  path: Assets/Models/Calendario/Cueva y planetas/Sol.fbx
  artifactKey: Guid(ce7ab2d7276b2bb44afc960bebd5dddc) Importer(815301076,1909f56bfc062723c751e8b465ee728b)
Start importing Assets/Models/Calendario/Cueva y planetas/Sol.fbx using Guid(ce7ab2d7276b2bb44afc960bebd5dddc) Importer(815301076,1909f56bfc062723c751e8b465ee728b) (PreviewImporter) -> (artifact id: 'd426b36b0bacbfa2fa6726f4774b5e05') in 0.0613133 seconds
Number of updated asset objects reloaded before import = 0Number of asset objects unloaded after import = 10

========================================================================
Received Import Request.
  Time since last request: 7.597319 seconds.
  path: Assets/Models/Gel/3625135 copy.jpg
  artifactKey: Guid(8d8435acbef88f3459c2af2a52abd65f) Importer(815301076,1909f56bfc062723c751e8b465ee728b)
Start importing Assets/Models/Gel/3625135 copy.jpg using Guid(8d8435acbef88f3459c2af2a52abd65f) Importer(815301076,1909f56bfc062723c751e8b465ee728b) (PreviewImporter) -> (artifact id: '692bead78e168364f90f08f805baabd7') in 0.0469741 seconds
Number of updated asset objects reloaded before import = 0Number of asset objects unloaded after import = 2

========================================================================
Received Import Request.
  Time since last request: 0.000036 seconds.
  path: Assets/Models/Gel/uploads_files_2141295_FBX.FBX
  artifactKey: Guid(fadb337cae23d20408ee8ae97efb6b61) Importer(815301076,1909f56bfc062723c751e8b465ee728b)
Start importing Assets/Models/Gel/uploads_files_2141295_FBX.FBX using Guid(fadb337cae23d20408ee8ae97efb6b61) Importer(815301076,1909f56bfc062723c751e8b465ee728b) (PreviewImporter) -> (artifact id: 'c91420475c80687ef8255e16d5cecb70') in 6.8749165 seconds
Number of updated asset objects reloaded before import = 0Number of asset objects unloaded after import = 869

========================================================================
Received Import Request.
  Time since last request: 20.680268 seconds.
  path: Assets/Models/Covid/Gel/uploads_files_2141295_OBJ.obj
  artifactKey: Guid(bc31a4c82612ec64287521277d7a4c5f) Importer(815301076,1909f56bfc062723c751e8b465ee728b)
Start importing Assets/Models/Covid/Gel/uploads_files_2141295_OBJ.obj using Guid(bc31a4c82612ec64287521277d7a4c5f) Importer(815301076,1909f56bfc062723c751e8b465ee728b) (PreviewImporter) -> (artifact id: '1b64ea58ccabc574f059619fe746fdec') in 3.8637158 seconds
Number of updated asset objects reloaded before import = 0Number of asset objects unloaded after import = 1000

========================================================================
Received Import Request.
  Time since last request: 3.448215 seconds.
  path: Assets/Models/Mazcarillas/MaskCol.jpg
  artifactKey: Guid(9a81c67ab0971ba42b902f5d0d8fe3b9) Importer(815301076,1909f56bfc062723c751e8b465ee728b)
Start importing Assets/Models/Mazcarillas/MaskCol.jpg using Guid(9a81c67ab0971ba42b902f5d0d8fe3b9) Importer(815301076,1909f56bfc062723c751e8b465ee728b) (PreviewImporter) -> (artifact id: '6609c464380590b04649bdf348cce5de') in 0.0341666 seconds
Number of updated asset objects reloaded before import = 0Number of asset objects unloaded after import = 2

========================================================================
Received Import Request.
  Time since last request: 0.000036 seconds.
  path: Assets/Models/Mazcarillas/MaskORM.png
  artifactKey: Guid(fa35e0caae360564492d6c411c36e7aa) Importer(815301076,1909f56bfc062723c751e8b465ee728b)
Start importing Assets/Models/Mazcarillas/MaskORM.png using Guid(fa35e0caae360564492d6c411c36e7aa) Importer(815301076,1909f56bfc062723c751e8b465ee728b) (PreviewImporter) -> (artifact id: '07da2b154388dba09daf09220c6476f4') in 0.0373964 seconds
Number of updated asset objects reloaded before import = 0Number of asset objects unloaded after import = 2

========================================================================
Received Import Request.
  Time since last request: 4.582872 seconds.
  path: Assets/Models/TV/LedTV_low_Television_MAT_Emission.png
  artifactKey: Guid(cd2bccfca2236694bac528fdd97ab555) Importer(815301076,1909f56bfc062723c751e8b465ee728b)
Start importing Assets/Models/TV/LedTV_low_Television_MAT_Emission.png using Guid(cd2bccfca2236694bac528fdd97ab555) Importer(815301076,1909f56bfc062723c751e8b465ee728b) (PreviewImporter) -> (artifact id: '5f3ecf2945549bbfa97e9eb6a208f317') in 0.0301215 seconds
Number of updated asset objects reloaded before import = 0Number of asset objects unloaded after import = 2

========================================================================
Received Import Request.
  Time since last request: 0.037289 seconds.
  path: Assets/Models/TV/LedTV_low_Television_MAT_MetallicSmoothness.png
  artifactKey: Guid(c46a750502c66ca4bac625a6e92abcda) Importer(815301076,1909f56bfc062723c751e8b465ee728b)
Start importing Assets/Models/TV/LedTV_low_Television_MAT_MetallicSmoothness.png using Guid(c46a750502c66ca4bac625a6e92abcda) Importer(815301076,1909f56bfc062723c751e8b465ee728b) (PreviewImporter) -> (artifact id: 'f52a8dda6124bf2ce1d8a7ed253fde65') in 0.0555536 seconds
Number of updated asset objects reloaded before import = 0Number of asset objects unloaded after import = 2

========================================================================
Received Import Request.
  Time since last request: 0.000037 seconds.
  path: Assets/Models/TV/uploads_files_2566798_TVLED_LOW.obj
  artifactKey: Guid(dfc0efa6fc0eb534d82e284612f9f017) Importer(815301076,1909f56bfc062723c751e8b465ee728b)
Start importing Assets/Models/TV/uploads_files_2566798_TVLED_LOW.obj using Guid(dfc0efa6fc0eb534d82e284612f9f017) Importer(815301076,1909f56bfc062723c751e8b465ee728b) (PreviewImporter) -> (artifact id: '68f36dd1a7c40ef35401db2574bc0598') in 0.1862716 seconds
Number of updated asset objects reloaded before import = 0Number of asset objects unloaded after import = 28

========================================================================
Received Import Request.
  Time since last request: 15.755040 seconds.
  path: Assets/Models/Cinta/CrimeTape_CrimeTape_Distressed_shader_Alpha.png
  artifactKey: Guid(47b6ff8de66f9e84b9394e63691a519f) Importer(815301076,1909f56bfc062723c751e8b465ee728b)
Start importing Assets/Models/Cinta/CrimeTape_CrimeTape_Distressed_shader_Alpha.png using Guid(47b6ff8de66f9e84b9394e63691a519f) Importer(815301076,1909f56bfc062723c751e8b465ee728b) (PreviewImporter) -> (artifact id: '09197407edd083597a780e3a94a8d07b') in 0.0504867 seconds
Number of updated asset objects reloaded before import = 0Number of asset objects unloaded after import = 2

========================================================================
Received Import Request.
  Time since last request: 0.000041 seconds.
  path: Assets/Models/Cinta/CrimeTape_CrimeTape_Distressed_shader_Diffuse.png
  artifactKey: Guid(b69539d3c4e1ecf47b6373d463507e4f) Importer(815301076,1909f56bfc062723c751e8b465ee728b)
Start importing Assets/Models/Cinta/CrimeTape_CrimeTape_Distressed_shader_Diffuse.png using Guid(b69539d3c4e1ecf47b6373d463507e4f) Importer(815301076,1909f56bfc062723c751e8b465ee728b) (PreviewImporter) -> (artifact id: 'be2871ef9f44154fce7494c0c62d7286') in 0.0618911 seconds
Number of updated asset objects reloaded before import = 0Number of asset objects unloaded after import = 2

Editor requested this worker to shutdown with reason: Scaling down because of idle timeout
AssetImportWorker is now disconnected from the server
Process exiting
Exiting without the bug reporter. Application will terminate with return code 0